{"/Users/nirmansingha/Documents/Code/cars-unlimited/cars-unlimited/src/server.js": {"path":"/Users/nirmansingha/Documents/Code/cars-unlimited/cars-unlimited/src/server.js","statementMap":{"0":{"start":{"line":1,"column":16},"end":{"line":1,"column":34}},"1":{"start":{"line":2,"column":16},"end":{"line":2,"column":40}},"2":{"start":{"line":3,"column":13},"end":{"line":3,"column":28}},"3":{"start":{"line":4,"column":14},"end":{"line":4,"column":32}},"4":{"start":{"line":7,"column":15},"end":{"line":32,"column":1}},"5":{"start":{"line":10,"column":16},"end":{"line":10,"column":25}},"6":{"start":{"line":11,"column":4},"end":{"line":11,"column":71}},"7":{"start":{"line":14,"column":4},"end":{"line":14,"column":29}},"8":{"start":{"line":17,"column":4},"end":{"line":20,"column":7}},"9":{"start":{"line":18,"column":8},"end":{"line":18,"column":37}},"10":{"start":{"line":19,"column":8},"end":{"line":19,"column":18}},"11":{"start":{"line":23,"column":4},"end":{"line":23,"column":92}},"12":{"start":{"line":23,"column":31},"end":{"line":23,"column":90}},"13":{"start":{"line":26,"column":4},"end":{"line":26,"column":29}},"14":{"start":{"line":27,"column":4},"end":{"line":27,"column":41}},"15":{"start":{"line":28,"column":4},"end":{"line":28,"column":41}},"16":{"start":{"line":29,"column":4},"end":{"line":29,"column":32}},"17":{"start":{"line":31,"column":4},"end":{"line":31,"column":15}},"18":{"start":{"line":34,"column":0},"end":{"line":36,"column":2}}},"fnMap":{"0":{"name":"(anonymous_0)","decl":{"start":{"line":7,"column":15},"end":{"line":7,"column":16}},"loc":{"start":{"line":7,"column":27},"end":{"line":32,"column":1}},"line":7},"1":{"name":"(anonymous_1)","decl":{"start":{"line":17,"column":26},"end":{"line":17,"column":27}},"loc":{"start":{"line":17,"column":40},"end":{"line":20,"column":5}},"line":17},"2":{"name":"(anonymous_2)","decl":{"start":{"line":23,"column":17},"end":{"line":23,"column":18}},"loc":{"start":{"line":23,"column":31},"end":{"line":23,"column":90}},"line":23}},"branchMap":{},"s":{"0":1,"1":1,"2":1,"3":1,"4":1,"5":1,"6":1,"7":1,"8":1,"9":1,"10":1,"11":1,"12":1,"13":1,"14":1,"15":1,"16":1,"17":1,"18":1},"f":{"0":1,"1":1,"2":1},"b":{},"_coverageSchema":"1a1c01bbd47fc00a2c39e90264f33305004495a9","hash":"de8649268b4b6d1378c760ea5578055a8576cfec"}
,"/Users/nirmansingha/Documents/Code/cars-unlimited/cars-unlimited/src/utils.js": {"path":"/Users/nirmansingha/Documents/Code/cars-unlimited/cars-unlimited/src/utils.js","statementMap":{"0":{"start":{"line":2,"column":18},"end":{"line":5,"column":3}},"1":{"start":{"line":3,"column":17},"end":{"line":3,"column":27}},"2":{"start":{"line":4,"column":4},"end":{"line":4,"column":26}},"3":{"start":{"line":6,"column":23},"end":{"line":15,"column":3}},"4":{"start":{"line":7,"column":4},"end":{"line":7,"column":30}},"5":{"start":{"line":8,"column":4},"end":{"line":8,"column":18}},"6":{"start":{"line":9,"column":4},"end":{"line":11,"column":7}},"7":{"start":{"line":10,"column":6},"end":{"line":10,"column":24}},"8":{"start":{"line":12,"column":4},"end":{"line":14,"column":7}},"9":{"start":{"line":13,"column":6},"end":{"line":13,"column":54}},"10":{"start":{"line":17,"column":24},"end":{"line":22,"column":3}},"11":{"start":{"line":18,"column":4},"end":{"line":20,"column":5}},"12":{"start":{"line":19,"column":6},"end":{"line":19,"column":28}},"13":{"start":{"line":21,"column":4},"end":{"line":21,"column":11}},"14":{"start":{"line":23,"column":20},"end":{"line":32,"column":3}},"15":{"start":{"line":24,"column":18},"end":{"line":24,"column":80}},"16":{"start":{"line":25,"column":21},"end":{"line":25,"column":24}},"17":{"start":{"line":26,"column":18},"end":{"line":26,"column":21}},"18":{"start":{"line":27,"column":19},"end":{"line":27,"column":33}},"19":{"start":{"line":29,"column":4},"end":{"line":29,"column":57}},"20":{"start":{"line":31,"column":4},"end":{"line":31,"column":11}},"21":{"start":{"line":33,"column":20},"end":{"line":36,"column":3}},"22":{"start":{"line":34,"column":4},"end":{"line":34,"column":29}},"23":{"start":{"line":35,"column":4},"end":{"line":35,"column":14}},"24":{"start":{"line":38,"column":32},"end":{"line":38,"column":90}},"25":{"start":{"line":38,"column":45},"end":{"line":38,"column":90}},"26":{"start":{"line":39,"column":32},"end":{"line":45,"column":3}},"27":{"start":{"line":40,"column":4},"end":{"line":44,"column":5}},"28":{"start":{"line":41,"column":6},"end":{"line":41,"column":59}},"29":{"start":{"line":43,"column":6},"end":{"line":43,"column":16}},"30":{"start":{"line":46,"column":23},"end":{"line":49,"column":3}},"31":{"start":{"line":47,"column":4},"end":{"line":47,"column":20}},"32":{"start":{"line":48,"column":4},"end":{"line":48,"column":40}},"33":{"start":{"line":51,"column":2},"end":{"line":60,"column":4}}},"fnMap":{"0":{"name":"(anonymous_0)","decl":{"start":{"line":2,"column":18},"end":{"line":2,"column":19}},"loc":{"start":{"line":2,"column":24},"end":{"line":5,"column":3}},"line":2},"1":{"name":"(anonymous_1)","decl":{"start":{"line":6,"column":23},"end":{"line":6,"column":24}},"loc":{"start":{"line":6,"column":42},"end":{"line":15,"column":3}},"line":6},"2":{"name":"(anonymous_2)","decl":{"start":{"line":9,"column":19},"end":{"line":9,"column":20}},"loc":{"start":{"line":9,"column":30},"end":{"line":11,"column":5}},"line":9},"3":{"name":"(anonymous_3)","decl":{"start":{"line":12,"column":18},"end":{"line":12,"column":19}},"loc":{"start":{"line":12,"column":24},"end":{"line":14,"column":5}},"line":12},"4":{"name":"(anonymous_4)","decl":{"start":{"line":17,"column":24},"end":{"line":17,"column":25}},"loc":{"start":{"line":17,"column":44},"end":{"line":22,"column":3}},"line":17},"5":{"name":"(anonymous_5)","decl":{"start":{"line":23,"column":20},"end":{"line":23,"column":21}},"loc":{"start":{"line":23,"column":40},"end":{"line":32,"column":3}},"line":23},"6":{"name":"(anonymous_6)","decl":{"start":{"line":33,"column":20},"end":{"line":33,"column":21}},"loc":{"start":{"line":33,"column":45},"end":{"line":36,"column":3}},"line":33},"7":{"name":"(anonymous_7)","decl":{"start":{"line":38,"column":32},"end":{"line":38,"column":33}},"loc":{"start":{"line":38,"column":45},"end":{"line":38,"column":90}},"line":38},"8":{"name":"(anonymous_8)","decl":{"start":{"line":39,"column":32},"end":{"line":39,"column":33}},"loc":{"start":{"line":39,"column":57},"end":{"line":45,"column":3}},"line":39},"9":{"name":"(anonymous_9)","decl":{"start":{"line":46,"column":23},"end":{"line":46,"column":24}},"loc":{"start":{"line":46,"column":42},"end":{"line":49,"column":3}},"line":46}},"branchMap":{"0":{"loc":{"start":{"line":18,"column":4},"end":{"line":20,"column":5}},"type":"if","locations":[{"start":{"line":18,"column":4},"end":{"line":20,"column":5}},{"start":{},"end":{}}],"line":18},"1":{"loc":{"start":{"line":24,"column":18},"end":{"line":24,"column":80}},"type":"binary-expr","locations":[{"start":{"line":24,"column":18},"end":{"line":24,"column":48}},{"start":{"line":24,"column":52},"end":{"line":24,"column":80}}],"line":24},"2":{"loc":{"start":{"line":40,"column":4},"end":{"line":44,"column":5}},"type":"if","locations":[{"start":{"line":40,"column":4},"end":{"line":44,"column":5}},{"start":{"line":42,"column":11},"end":{"line":44,"column":5}}],"line":40}},"s":{"0":1,"1":0,"2":0,"3":1,"4":0,"5":0,"6":0,"7":0,"8":0,"9":0,"10":1,"11":0,"12":0,"13":0,"14":1,"15":3,"16":3,"17":3,"18":3,"19":3,"20":3,"21":1,"22":0,"23":0,"24":1,"25":1,"26":1,"27":0,"28":0,"29":0,"30":1,"31":0,"32":0,"33":1},"f":{"0":0,"1":0,"2":0,"3":0,"4":0,"5":3,"6":0,"7":1,"8":0,"9":0},"b":{"0":[0,0],"1":[3,3],"2":[0,0]},"_coverageSchema":"1a1c01bbd47fc00a2c39e90264f33305004495a9","hash":"3385b25dfdc9911403a3081ba3162c5fcc28f69d"}
}
